TN:
SF:src\App.jsx
FN:7,(anonymous_0)
FN:13,(anonymous_1)
FN:17,(anonymous_2)
FN:22,(anonymous_3)
FNF:4
FNH:4
FNDA:10,(anonymous_0)
FNDA:5,(anonymous_1)
FNDA:5,(anonymous_2)
FNDA:38,(anonymous_3)
DA:7,3
DA:8,10
DA:9,10
DA:10,10
DA:11,10
DA:13,10
DA:14,5
DA:17,10
DA:18,5
DA:20,5
DA:22,38
DA:23,5
DA:24,5
DA:27,10
LF:14
LH:14
BRDA:20,0,0,4
BRDA:20,0,1,1
BRF:2
BRH:2
end_of_record
TN:
SF:src\api.js
FN:3,(anonymous_0)
FN:4,(anonymous_1)
FN:9,(anonymous_2)
FN:10,(anonymous_3)
FNF:4
FNH:4
FNDA:4,(anonymous_0)
FNDA:152,(anonymous_1)
FNDA:6,(anonymous_2)
FNDA:6,(anonymous_3)
DA:3,2
DA:4,152
DA:5,4
DA:6,4
DA:9,2
DA:10,6
DA:11,6
LF:7
LH:7
BRDA:10,0,0,6
BRDA:10,0,1,0
BRF:2
BRH:1
end_of_record
TN:
SF:src\main.jsx
FNF:0
FNH:0
DA:6,0
LF:1
LH:0
BRF:0
BRH:0
end_of_record
TN:
SF:src\components\CitySearch.jsx
FN:3,(anonymous_0)
FN:6,(anonymous_1)
FN:8,(anonymous_2)
FN:12,(anonymous_3)
FN:18,(anonymous_4)
FN:26,(anonymous_5)
FN:43,(anonymous_6)
FN:49,(anonymous_7)
FNF:8
FNH:8
FNDA:67,(anonymous_0)
FNDA:11,(anonymous_1)
FNDA:17,(anonymous_2)
FNDA:23,(anonymous_3)
FNDA:84,(anonymous_4)
FNDA:2,(anonymous_5)
FNDA:6,(anonymous_6)
FNDA:37,(anonymous_7)
DA:3,3
DA:4,67
DA:5,67
DA:6,67
DA:8,67
DA:9,17
DA:12,67
DA:13,23
DA:14,23
DA:15,23
DA:17,23
DA:19,84
DA:23,23
DA:26,67
DA:27,2
DA:28,2
DA:29,2
DA:30,2
DA:31,1
DA:35,67
DA:43,6
DA:50,37
LF:22
LH:22
BRDA:3,0,0,7
BRDA:17,1,0,23
BRDA:17,1,1,0
BRDA:30,2,0,1
BRDA:30,2,1,1
BRDA:47,3,0,67
BRDA:47,3,1,30
BRF:7
BRH:6
end_of_record
TN:
SF:src\components\Event.jsx
FN:4,(anonymous_0)
FN:12,(anonymous_1)
FNF:2
FNH:2
FNDA:194,(anonymous_0)
FNDA:3,(anonymous_1)
DA:4,4
DA:5,194
DA:7,194
DA:12,3
LF:4
LH:4
BRDA:13,0,0,2
BRDA:13,0,1,192
BRDA:15,1,0,194
BRDA:15,1,1,2
BRF:4
BRH:4
end_of_record
TN:
SF:src\components\EventList.jsx
FN:5,(anonymous_0)
FN:8,(anonymous_1)
FNF:2
FNH:2
FNDA:13,(anonymous_0)
FNDA:184,(anonymous_1)
DA:5,3
DA:6,13
DA:9,184
LF:3
LH:3
BRDA:9,0,0,184
BRDA:9,0,1,1
BRF:2
BRH:2
end_of_record
TN:
SF:src\components\NumberOfEvents.jsx
FN:3,(anonymous_0)
FN:11,(anonymous_1)
FNF:2
FNH:2
FNDA:16,(anonymous_0)
FNDA:3,(anonymous_1)
DA:3,4
DA:4,16
DA:11,3
LF:3
LH:3
BRF:0
BRH:0
end_of_record
